
ROM used:   1509/8192 (18%)
            1509/8192 (18%) including unused fragments

            0.9 Average locations per line
            4.5 Average locations per statement

RAM used:   33/368 (9%) at main() level
            59/368 (16%) worst case

Stack used: 6 worst case (6 in main + 0 for interrupts)
Stack size: 8

Lines Stmts  %   Files
----- ----- ---  -----
  328   214  63  main.c
  768     0   0  C:\Program Files (x86)\PICC\Devices\16f887.h
  456    84  25  C:\Program Files (x86)\PICC\Drivers\lcd.c
  135    40  12  C:\Program Files (x86)\PICC\Drivers\kbd.c
----- -----
 1687   338 Total

Page ROM  %  RAM   Vol Diff  Functions:
---- --- --- ---   --- ----  ----------
0     21   1    1             @delay_ms1
 Inline         3   596  5.9  lcd_read_byte
0      6   0    0    59  4.2  lcd_read_nibble
0     12   1    1   179  3.3  lcd_send_nibble
0     64   4    3   460  4.7  lcd_send_byte
0     62   4    6   814  7.2  lcd_init
0     18   1    4   208  6.3  lcd_gotoxy
0     44   3    1   354  4.7  lcd_putc
0     16   1    0             @const660
0      3   0    0     3  0.0  kbd_init
0    101   7    3  4540 10.2  kbd_getc
0     37   2    2             @MUL88
0     72   5    0   674  3.8  teclado
0     89   6    0   837  4.8  pedir_clave
0     83   6   12   449  5.4  validar_clave
0     21   1    5             @MUL1616
0    341  23   13  1961  5.9  cambio_clave
0      1   0    0             @const708
0     86   6    4             @PSTRINGC7_647
0      7   0    0             @const710
0      1   0    0             @const711
0      7   0    0             @const712
0      1   0    0             @const713
0      9   1    0             @const714
0      1   0    0             @const715
0     79   5    1   467  1.4  pasos_derecha
0     17   1    0    72  1.2  pasos_off
0    277  18   14  1737  5.9  MAIN
0      1   0    0             @const727
0      8   1    0             @const728
0      1   0    0             @const729
0      9   1    0             @const730
0      1   0    0             @const731
0      9   1    0             @const732
 Inline         0             @cinit1

Program metrics:
    Functions               16
    Statements              338
    Comments                307
    Volume (V)              20263
    Difficulty (D)          72.0
    Effort to implement (E) 1459110
    Time to implement (T)   22 hours, 31 minutes
    Est Delivered Bugs (B)  4
    Cyclomatic Complexity   49
    Maintainability (MI)    108

 Segment     Used  Free
-----------  ----  ----
00000-00003     4  0  
00004-007FF  1505  539  
00800-00FFF     0  2048  
01000-017FF     0  2048  
01800-01FFF     0  2048  



