
ROM used:   337/8192 (4%)
            337/8192 (4%) including unused fragments

            0.4 Average locations per line
            4.6 Average locations per statement

RAM used:   16/368 (4%) at main() level
            18/368 (5%) worst case

Stack used: 3 worst case (2 in main + 1 for interrupts)
Stack size: 8

Lines Stmts  %   Files
----- ----- ---  -----
  139    74 100  main2.c
  768     0   0  C:\Program Files (x86)\PICC\Devices\16f887.h
----- -----
  907    74 Total

Page ROM  %  RAM   Vol Diff  Functions:
---- --- --- ---   --- ----  ----------
0     21   6    1             @delay_ms1
0      8   2    0    20  1.3  RDA_isr
0     79  23    1   497  1.9  pasos_izquierda
0     79  23    1   497  1.9  pasos_derecha
0     20   6    0   115  1.7  pasos_off
0     81  24    0   436  2.3  MAIN
 Inline         0             @cinit1

Program metrics:
    Functions               5
    Statements              74
    Comments                130
    Volume (V)              2161
    Difficulty (D)          9.7
    Effort to implement (E) 20968
    Time to implement (T)   19 minutes
    Est Delivered Bugs (B)  0
    Cyclomatic Complexity   8
    Maintainability (MI)    145

 Segment     Used  Free
-----------  ----  ----
00000-00003     4  0  
00004-00030    45  0  
00031-007FF   288  1711  
00800-00FFF     0  2048  
01000-017FF     0  2048  
01800-01FFF     0  2048  



