
ROM used:   1521/8192 (19%)
            1521/8192 (19%) including unused fragments

            0.9 Average locations per line
            4.8 Average locations per statement

RAM used:   36/368 (10%) at main() level
            62/368 (17%) worst case

Stack used: 6 worst case (6 in main + 0 for interrupts)
Stack size: 8

Lines Stmts  %   Files
----- ----- ---  -----
  289   190  61  main.c
  768     0   0  C:\Program Files (x86)\PICC\Devices\16f887.h
  456    84  27  C:\Program Files (x86)\PICC\Drivers\lcd.c
  135    40  13  C:\Program Files (x86)\PICC\Drivers\kbd.c
----- -----
 1648   314 Total

Page ROM  %  RAM   Vol Diff  Functions:
---- --- --- ---   --- ----  ----------
0     21   1    1             @delay_ms1
 Inline         3   596  5.9  lcd_read_byte
0      6   0    0    59  4.2  lcd_read_nibble
0     12   1    1   179  3.3  lcd_send_nibble
0     64   4    3   460  4.7  lcd_send_byte
0     62   4    6   814  7.2  lcd_init
0     18   1    4   208  6.3  lcd_gotoxy
0     44   3    1   354  4.7  lcd_putc
0     16   1    0             @const662
0      3   0    0     3  0.0  kbd_init
0    101   7    3  4540 10.2  kbd_getc
0     37   2    2             @MUL88
0     72   5    0   674  3.8  teclado
0     89   6    0   837  4.8  pedir_clave
0     83   5   12   449  5.4  validar_clave
0     21   1    5             @MUL1616
0    341  22   13  1961  5.9  cambio_clave
0      1   0    0             @const706
0     86   6    4             @PSTRINGC7_649
0      7   0    0             @const708
0      1   0    0             @const709
0      7   0    0             @const710
0      1   0    0             @const711
0      9   1    0             @const712
0      1   0    0             @const713
0     33   2    0   158  2.0  imprimir_direccion
0      5   0    0             @const715
0      6   0    0             @const716
0      4   0    0             @const717
0    315  21   16  2015  6.0  MAIN
0      1   0    0             @const732
0      8   1    0             @const733
0      1   0    0             @const734
0      9   1    0             @const735
0     12   1    0             @const736
0     10   1    0             @const737
0      1   0    0             @const738
0      9   1    0             @const739
 Inline         0             @cinit1

Program metrics:
    Functions               15
    Statements              314
    Comments                307
    Volume (V)              19870
    Difficulty (D)          71.3
    Effort to implement (E) 1417457
    Time to implement (T)   21 hours, 52 minutes
    Est Delivered Bugs (B)  4
    Cyclomatic Complexity   53
    Maintainability (MI)    117

 Segment     Used  Free
-----------  ----  ----
00000-00003     4  0  
00004-007FF  1517  527  
00800-00FFF     0  2048  
01000-017FF     0  2048  
01800-01FFF     0  2048  



