
ROM used:   3269/8192 (40%)
            3404/8192 (42%) including unused fragments

            0.7 Average locations per line
            4.4 Average locations per statement

RAM used:   54/368 (15%) at main() level
            81/368 (22%) worst case

Stack used: 7 worst case (6 in main + 1 for interrupts)
Stack size: 8

Lines Stmts  %   Files
----- ----- ---  -----
  360   231  31  Code_1.c
  768     0   0  C:\Program Files (x86)\PICC\Devices\16f887.h
  456    84  11  C:\Program Files (x86)\PICC\Drivers\lcd.c
  135    40   5  C:\Program Files (x86)\PICC\Drivers\kbd.c
   37     0   0  C:\Program Files (x86)\PICC\Drivers\stdio.h
  423   125  17  C:\Program Files (x86)\PICC\Drivers\string.h
   32     0   0  C:\Program Files (x86)\PICC\Drivers\stddef.h
   28     0   0  C:\Program Files (x86)\PICC\Drivers\ctype.h
   34     0   0  C:\Program Files (x86)\PICC\Drivers\stdbool.h
 2229   257  35  C:\Program Files (x86)\PICC\Drivers\math.h
----- -----
 4502   737 Total

Page ROM  %  RAM   Vol Diff  Functions:
---- --- --- ---   --- ----  ----------
0     21   1    1             @delay_ms1
 Inline         3   596  5.9  lcd_read_byte
0      6   0    0    59  4.2  lcd_read_nibble
0     12   0    1   179  3.3  lcd_send_nibble
0     64   2    3   460  4.7  lcd_send_byte
0     62   2    6   814  7.2  lcd_init
0     18   1    4   208  6.3  lcd_gotoxy
0     44   1    1   354  4.7  lcd_putc
0     16   0    0  1595  7.3  @const662
0      3   0    0     3  0.0  kbd_init
0    101   3    3  4685 10.4  kbd_getc
0     37   1    2             @MUL88
 Inline         4   837  4.8  @SFTOI
0     29   1    2   449  5.4  @ITOF
0    117   4   13             @MULFF
 Inline        16  1961  5.9  @ADDFF
 Inline        14             @DIVFF
0     10   0    0    32  1.9  RDA_isr
0     72   2    0   674  3.8  teclado
0     89   3    0   837  4.8  pedir_clave
0     83   3   12   449  5.4  validar_clave
0     21   1    5             @MUL1616
0    341  10   13  1961  5.9  cambio_clave
0      1   0    0             @const949
0     86   3    4             @PSTRINGC7_649
0      7   0    0             @const951
0      1   0    0             @const952
0      7   0    0             @const953
0      1   0    0             @const954
0      9   0    0             @const955
0      1   0    0             @const956
1    680  21    4   194  3.4  tomar_temp
1    676  21   14  3796  8.5  MAIN
0      1   0    0             @const970
0      8   0    0             @const971
0      1   0    0             @const972
0      9   0    0             @const973
0      1   0    0             @const974
0      9   0    0             @const975
0     21   1    3  3799  9.0  @DIV88
0     89   3    6             @PRINTF_D_649
0      1   0    0             @const984
0      6   0    0             @const985
0      1   0    0             @const986
0      7   0    0             @const987
0      5   0    0             @const988
 Inline         5             @FTOSD
0     79   2   13             @DIV3232
0    224   7   13             @PRINTF_L32D_649FPFPF
0     87   3    5             @PSTRINGCN7_649
0      1   0    0             @const999
0      7   0    0             @const1000
0      5   0    0             @const1001
0      1   0    0             @const1002
0      1   0    0             @const1003
0      9   0    0             @const1004
 Inline         0             @cinit1

Program metrics:
    Functions               21
    Statements              737
    Comments                747
    Volume (V)              36887
    Difficulty (D)          108.9
    Effort to implement (E) 4015363
    Time to implement (T)   61 hours, 58 minutes
    Est Delivered Bugs (B)  8
    Cyclomatic Complexity   79
    Maintainability (MI)    83

 Segment     Used  Free
-----------  ----  ----
00000-00003     4  0  
00004-00050    77  0  
00051-007FF  1832  135  
00800-00FFF  1356  692  
01000-017FF     0  2048  
01800-01FFF     0  2048  



