
ROM used:   1557/8192 (19%)
            1557/8192 (19%) including unused fragments

            1.2 Average locations per line
            11.7 Average locations per statement

RAM used:   12/368 (3%) at main() level
            38/368 (10%) worst case

Stack used: 5 worst case (5 in main + 0 for interrupts)
Stack size: 8

Lines Stmts  %   Files
----- ----- ---  -----
  107    49  37  Code_2.c
  768     0   0  C:\Program Files (x86)\PICC\Devices\16f887.h
  456    84  63  C:\Program Files (x86)\PICC\Drivers\lcd.c
----- -----
 1331   133 Total

Page ROM  %  RAM   Vol Diff  Functions:
---- --- --- ---   --- ----  ----------
0     21   1    1             @delay_ms1
 Inline         3   596  5.9  lcd_read_byte
0      6   0    0    59  4.2  lcd_read_nibble
0     12   1    1   179  3.3  lcd_send_nibble
0     64   4    3   460  4.7  lcd_send_byte
0     62   4    6   814  7.2  lcd_init
0     18   1    4   208  6.3  lcd_gotoxy
0     44   3    1   354  4.7  lcd_putc
0    354  23    0  1595  7.3  MAIN
0      6   0    0     3  0.0  @const669
0     87   6    5  4685 10.4  @PSTRINGCN7_649
0     21   1    3             @DIV88
0     87   6    6   485  7.8  @PRINTF_D_649
0      7   0    0   318  6.5  @const678
0      1   0    0   272  5.5  @const679
0     86   6    4   351  7.0  @PSTRINGC7_649
0     29   2    2   371  8.2  @ITOF
0    204  13   14   231  6.6  @DIVFF
0      7   0    0   231  6.6  @const686
0      5   0    0   343  8.6  @const687
 Inline        13   370  6.7  @MULFF
 Inline         5   266  6.5  @FTOSD
0     79   5   13   153  4.7  @DIV3232
0    339  22   13   315  6.5  @PRINTF_L32D_649FPFPF
0      1   0    0   288  6.0  @const699
0      7   0    0   209  5.2  @const700
0      5   0    0   346  7.5  @const701
0      1   0    0   318  6.5  @const702
 Inline         0   475  7.2  @cinit1

Program metrics:
    Functions               27
    Statements              133
    Comments                250
    Volume (V)              23986
    Difficulty (D)          167.1
    Effort to implement (E) 4009179
    Time to implement (T)   61 hours, 52 minutes
    Est Delivered Bugs (B)  8
    Cyclomatic Complexity   63
    Maintainability (MI)    59

 Segment     Used  Free
-----------  ----  ----
00000-00003     4  0  
00004-007FF  1553  491  
00800-00FFF     0  2048  
01000-017FF     0  2048  
01800-01FFF     0  2048  



